CRITICAL - 2025-04-24 02:16:00 --> ErrorException: include(includes/footer.php): Failed to open stream: No such file or directory
[Method: GET, Route: /]
in APPPATH\Views\Original.php on line 10.
 1 APPPATH\Views\Original.php(10): CodeIgniter\Debug\Exceptions->errorHandler(2, 'include(includes/footer.php): Failed to open stream: No such file or directory', 'C:\\xampp\\htdocs\\proyecto_gg\\app\\Views\\Original.php', 10)
 2 APPPATH\Views\Original.php(10): include()
 3 SYSTEMPATH\View\View.php(224): include('C:\\xampp\\htdocs\\proyecto_gg\\app\\Views\\Original.php')
 4 SYSTEMPATH\View\View.php(227): CodeIgniter\View\View->CodeIgniter\View\{closure}()
 5 SYSTEMPATH\Common.php(1173): CodeIgniter\View\View->render('Original', [], true)
 6 APPPATH\Controllers\Home.php(9): view('Original')
 7 SYSTEMPATH\CodeIgniter.php(933): App\Controllers\Home->index()
 8 SYSTEMPATH\CodeIgniter.php(507): CodeIgniter\CodeIgniter->runController(Object(App\Controllers\Home))
 9 SYSTEMPATH\CodeIgniter.php(354): CodeIgniter\CodeIgniter->handleRequest(null, Object(Config\Cache), false)
10 SYSTEMPATH\Boot.php(334): CodeIgniter\CodeIgniter->run()
11 SYSTEMPATH\Boot.php(67): CodeIgniter\Boot::runCodeIgniter(Object(CodeIgniter\CodeIgniter))
12 FCPATH\index.php(57): CodeIgniter\Boot::bootWeb(Object(Config\Paths))
CRITICAL - 2025-04-24 02:16:02 --> ErrorException: include(includes/footer.php): Failed to open stream: No such file or directory
[Method: GET, Route: /]
in APPPATH\Views\Original.php on line 10.
 1 APPPATH\Views\Original.php(10): CodeIgniter\Debug\Exceptions->errorHandler(2, 'include(includes/footer.php): Failed to open stream: No such file or directory', 'C:\\xampp\\htdocs\\proyecto_gg\\app\\Views\\Original.php', 10)
 2 APPPATH\Views\Original.php(10): include()
 3 SYSTEMPATH\View\View.php(224): include('C:\\xampp\\htdocs\\proyecto_gg\\app\\Views\\Original.php')
 4 SYSTEMPATH\View\View.php(227): CodeIgniter\View\View->CodeIgniter\View\{closure}()
 5 SYSTEMPATH\Common.php(1173): CodeIgniter\View\View->render('Original', [], true)
 6 APPPATH\Controllers\Home.php(9): view('Original')
 7 SYSTEMPATH\CodeIgniter.php(933): App\Controllers\Home->index()
 8 SYSTEMPATH\CodeIgniter.php(507): CodeIgniter\CodeIgniter->runController(Object(App\Controllers\Home))
 9 SYSTEMPATH\CodeIgniter.php(354): CodeIgniter\CodeIgniter->handleRequest(null, Object(Config\Cache), false)
10 SYSTEMPATH\Boot.php(334): CodeIgniter\CodeIgniter->run()
11 SYSTEMPATH\Boot.php(67): CodeIgniter\Boot::runCodeIgniter(Object(CodeIgniter\CodeIgniter))
12 FCPATH\index.php(57): CodeIgniter\Boot::bootWeb(Object(Config\Paths))
